23:13:58 **** Incremental Build of configuration Debug for project FinalProject ****
make -r all 
Building file: ../src/FinalProject.c
Invoking: MCU C Compiler
arm-none-eabi-gcc -DDEBUG -D__CODE_RED -DCORE_M3 -D__USE_CMSIS=CMSISv2p00_LPC17xx -D__LPC17XX__ -D__REDLIB__ -I"C:\Users\Icomp2015\Desktop\ED3\workspace_LPCXpresso\CMSISv2p00_LPC17xx\inc" -I"C:\Users\Icomp2015\Desktop\ED3\workspace_LPCXpresso\CMSISv2p00_LPC17xx\Drivers\inc" -O0 -fno-common -g3 -Wall -c -fmessage-length=0 -fno-builtin -ffunction-sections -fdata-sections -mcpu=cortex-m3 -mthumb -specs=redlib.specs -MMD -MP -MF"src/FinalProject.d" -MT"src/FinalProject.o" -MT"src/FinalProject.d" -o "src/FinalProject.o" "../src/FinalProject.c"
../src/FinalProject.c: In function 'configDMA':
../src/FinalProject.c:56:33: warning: left shift count >= width of type [-Wshift-count-overflow]
     struct_lli_dma.Control=60|(2<<32)|(2<<21)&(1<<26);//DMA size
                                 ^
../src/FinalProject.c:56:38: warning: suggest parentheses around arithmetic in operand of '|' [-Wparentheses]
     struct_lli_dma.Control=60|(2<<32)|(2<<21)&(1<<26);//DMA size
                                      ^
../src/FinalProject.c:58:5: warning: statement with no effect [-Wunused-value]
     struct_ch_dma.ChannelNum;
     ^
../src/FinalProject.c:59:5: warning: statement with no effect [-Wunused-value]
     struct_ch_dma.SrcMemAddr;
     ^
../src/FinalProject.c:60:5: warning: statement with no effect [-Wunused-value]
     struct_ch_dma.DstMemAddr;
     ^
../src/FinalProject.c:61:5: warning: statement with no effect [-Wunused-value]
     struct_ch_dma.TransferSize;
     ^
../src/FinalProject.c:62:5: warning: statement with no effect [-Wunused-value]
     struct_ch_dma.TransferWidth;
     ^
../src/FinalProject.c:63:5: warning: statement with no effect [-Wunused-value]
     struct_ch_dma.TransferType;
     ^
../src/FinalProject.c:64:5: warning: statement with no effect [-Wunused-value]
     struct_ch_dma.SrcConn;
     ^
../src/FinalProject.c:65:5: warning: statement with no effect [-Wunused-value]
     struct_ch_dma.DstConn;
     ^
In file included from ../src/FinalProject.c:10:0:
../src/FinalProject.c: In function 'configUART':
C:\Users\Icomp2015\Desktop\ED3\workspace_LPCXpresso\CMSISv2p00_LPC17xx\inc/LPC17xx.h:999:31: warning: passing argument 1 of 'UART_Init' from incompatible pointer type [-Wincompatible-pointer-types]
 #define LPC_UART0             ((LPC_UART0_TypeDef     *) LPC_UART0_BASE    )
                               ^
../src/FinalProject.c:75:12: note: in expansion of macro 'LPC_UART0'
  UART_Init(LPC_UART0, &UARTConfigStruct);
            ^
In file included from ../src/FinalProject.c:16:0:
C:\Users\Icomp2015\Desktop\ED3\workspace_LPCXpresso\CMSISv2p00_LPC17xx\Drivers\inc/lpc17xx_uart.h:578:6: note: expected 'LPC_UART_TypeDef * {aka struct <anonymous> *}' but argument is of type 'LPC_UART0_TypeDef * {aka struct <anonymous> *}'
 void UART_Init(LPC_UART_TypeDef *UARTx, UART_CFG_Type *UART_ConfigStruct);
      ^
In file included from ../src/FinalProject.c:10:0:
C:\Users\Icomp2015\Desktop\ED3\workspace_LPCXpresso\CMSISv2p00_LPC17xx\inc/LPC17xx.h:999:31: warning: passing argument 1 of 'UART_FIFOConfig' from incompatible pointer type [-Wincompatible-pointer-types]
 #define LPC_UART0             ((LPC_UART0_TypeDef     *) LPC_UART0_BASE    )
                               ^
../src/FinalProject.c:77:18: note: in expansion of macro 'LPC_UART0'
  UART_FIFOConfig(LPC_UART0, &UARTFIFOConfigStruct);
                  ^
In file included from ../src/FinalProject.c:16:0:
C:\Users\Icomp2015\Desktop\ED3\workspace_LPCXpresso\CMSISv2p00_LPC17xx\Drivers\inc/lpc17xx_uart.h:591:6: note: expected 'LPC_UART_TypeDef * {aka struct <anonymous> *}' but argument is of type 'LPC_UART0_TypeDef * {aka struct <anonymous> *}'
 void UART_FIFOConfig(LPC_UART_TypeDef *UARTx, UART_FIFO_CFG_Type *FIFOCfg);
      ^
In file included from ../src/FinalProject.c:10:0:
C:\Users\Icomp2015\Desktop\ED3\workspace_LPCXpresso\CMSISv2p00_LPC17xx\inc/LPC17xx.h:999:31: warning: passing argument 1 of 'UART_IntConfig' from incompatible pointer type [-Wincompatible-pointer-types]
 #define LPC_UART0             ((LPC_UART0_TypeDef     *) LPC_UART0_BASE    )
                               ^
../src/FinalProject.c:78:17: note: in expansion of macro 'LPC_UART0'
  UART_IntConfig(LPC_UART0, UART_INTCFG_RBR, ENABLE);
                 ^
In file included from ../src/FinalProject.c:16:0:
C:\Users\Icomp2015\Desktop\ED3\workspace_LPCXpresso\CMSISv2p00_LPC17xx\Drivers\inc/lpc17xx_uart.h:599:6: note: expected 'LPC_UART_TypeDef * {aka struct <anonymous> *}' but argument is of type 'LPC_UART0_TypeDef * {aka struct <anonymous> *}'
 void UART_IntConfig(LPC_UART_TypeDef *UARTx, UART_INT_Type UARTIntCfg, \
      ^
In file included from ../src/FinalProject.c:10:0:
C:\Users\Icomp2015\Desktop\ED3\workspace_LPCXpresso\CMSISv2p00_LPC17xx\inc/LPC17xx.h:999:31: warning: passing argument 1 of 'UART_IntConfig' from incompatible pointer type [-Wincompatible-pointer-types]
 #define LPC_UART0             ((LPC_UART0_TypeDef     *) LPC_UART0_BASE    )
                               ^
../src/FinalProject.c:79:17: note: in expansion of macro 'LPC_UART0'
  UART_IntConfig(LPC_UART0, UART_INTCFG_RLS, ENABLE);
                 ^
In file included from ../src/FinalProject.c:16:0:
C:\Users\Icomp2015\Desktop\ED3\workspace_LPCXpresso\CMSISv2p00_LPC17xx\Drivers\inc/lpc17xx_uart.h:599:6: note: expected 'LPC_UART_TypeDef * {aka struct <anonymous> *}' but argument is of type 'LPC_UART0_TypeDef * {aka struct <anonymous> *}'
 void UART_IntConfig(LPC_UART_TypeDef *UARTx, UART_INT_Type UARTIntCfg, \
      ^
In file included from ../src/FinalProject.c:10:0:
../src/FinalProject.c: In function 'UART0_IRQHandler':
C:\Users\Icomp2015\Desktop\ED3\workspace_LPCXpresso\CMSISv2p00_LPC17xx\inc/LPC17xx.h:999:31: warning: passing argument 1 of 'UART_GetIntId' from incompatible pointer type [-Wincompatible-pointer-types]
 #define LPC_UART0             ((LPC_UART0_TypeDef     *) LPC_UART0_BASE    )
                               ^
../src/FinalProject.c:91:26: note: in expansion of macro 'LPC_UART0'
   intsrc = UART_GetIntId(LPC_UART0);
                          ^
In file included from ../src/FinalProject.c:16:0:
C:\Users\Icomp2015\Desktop\ED3\workspace_LPCXpresso\CMSISv2p00_LPC17xx\Drivers\inc/lpc17xx_uart.h:595:10: note: expected 'LPC_UART_TypeDef * {aka struct <anonymous> *}' but argument is of type 'LPC_UART0_TypeDef * {aka struct <anonymous> *}'
 uint32_t UART_GetIntId(LPC_UART_TypeDef* UARTx);
          ^
In file included from ../src/FinalProject.c:10:0:
C:\Users\Icomp2015\Desktop\ED3\workspace_LPCXpresso\CMSISv2p00_LPC17xx\inc/LPC17xx.h:999:31: warning: passing argument 1 of 'UART_GetLineStatus' from incompatible pointer type [-Wincompatible-pointer-types]
 #define LPC_UART0             ((LPC_UART0_TypeDef     *) LPC_UART0_BASE    )
                               ^
../src/FinalProject.c:95:31: note: in expansion of macro 'LPC_UART0'
     tmp1 = UART_GetLineStatus(LPC_UART0);
                               ^
In file included from ../src/FinalProject.c:16:0:
C:\Users\Icomp2015\Desktop\ED3\workspace_LPCXpresso\CMSISv2p00_LPC17xx\Drivers\inc/lpc17xx_uart.h:596:9: note: expected 'LPC_UART_TypeDef * {aka struct <anonymous> *}' but argument is of type 'LPC_UART0_TypeDef * {aka struct <anonymous> *}'
 uint8_t UART_GetLineStatus(LPC_UART_TypeDef* UARTx);
         ^
../src/FinalProject.c:104:5: warning: implicit declaration of function 'UART_IntReceive' [-Wimplicit-function-declaration]
     UART_IntReceive();
     ^
../src/FinalProject.c: At top level:
../src/FinalProject.c:111:6: warning: conflicting types for 'UART_IntReceive'
 void UART_IntReceive(void){
      ^
../src/FinalProject.c:104:5: note: previous implicit declaration of 'UART_IntReceive' was here
     UART_IntReceive();
     ^
Finished building: ../src/FinalProject.c
 
Building target: FinalProject.axf
Invoking: MCU Linker
arm-none-eabi-gcc -nostdlib -L"C:\Users\Icomp2015\Desktop\ED3\workspace_LPCXpresso\CMSISv2p00_LPC17xx\Debug" -Xlinker -Map="FinalProject.map" -Xlinker --gc-sections -Xlinker -print-memory-usage -mcpu=cortex-m3 -mthumb -T "FinalProject_Debug.ld" -o "FinalProject.axf"  ./src/FinalProject.o ./src/cr_startup_lpc175x_6x.o ./src/crp.o   -lCMSISv2p00_LPC17xx
Memory region         Used Size  Region Size  %age Used
       MFlash512:        1264 B       512 KB      0.24%
        RamLoc32:          0 GB        32 KB      0.00%
        RamAHB32:          0 GB        32 KB      0.00%
Finished building target: FinalProject.axf
 
make --no-print-directory post-build
Performing post-build steps
arm-none-eabi-size "FinalProject.axf"; # arm-none-eabi-objcopy -v -O binary "FinalProject.axf" "FinalProject.bin" ; # checksum -p LPC1769 -d "FinalProject.bin";
   text	   data	    bss	    dec	    hex	filename
   1264	      0	      0	   1264	    4f0	FinalProject.axf
 

23:13:59 Build Finished (took 1s.172ms)

